<?xml version="1.0" encoding="UTF-8"?>
<testsuite name="FourthHometaskTest" tests="1" skipped="0" failures="1" errors="0" timestamp="2025-05-11T17:53:39" hostname="DESKTOP-3QMJUC1" time="6.97">
  <properties/>
  <testcase name="shouldHaveJUnitInSoftAssertionsTest()" classname="FourthHometaskTest" time="6.97">
    <failure message="Element should have text &quot;Soft assertions1&quot; {#wiki-body}&#13;&#10;Element: '&lt;div class=&quot;gollum-markdown-content&quot; id=&quot;wiki-body&quot;&gt;Welcome to the selenide wiki!&#10;Chapters&#10;Quick Start&#10;Selenide vs Selenium&#10;Code snippets&#10;Custom conditions&#10;Custom collection conditions&#10;How Selenide creates WebDriver&#10;Safari browser&#10;Build script&#10;Soft assertions&#10;Ports of Selenide&#10;Selenide Roadmap&#10;The details for the Diablo&#10;Lazy loading&#10;Do not use getters in tests&#10;Add a custom footer&lt;/div&gt;'&#13;&#10;Actual value: text=&quot;Welcome to the selenide wiki!&#10;Chapters&#10;Quick Start&#10;Selenide vs Selenium&#10;Code snippets&#10;Custom conditions&#10;Custom collection conditions&#10;How Selenide creates WebDriver&#10;Safari browser&#10;Build script&#10;Soft assertions&#10;Ports of Selenide&#10;Selenide Roadmap&#10;The details for the Diablo&#10;Lazy loading&#10;Do not use getters in tests&#10;Add a custom footer&quot;&#13;&#10;Screenshot: file:/F:/IdeaProjects/qa-guru-homeworks/build/reports/tests/1746986025813.0.png&#13;&#10;Page source: file:/F:/IdeaProjects/qa-guru-homeworks/build/reports/tests/1746986025813.0.html&#13;&#10;Timeout: 4 s." type="com.codeborne.selenide.ex.ElementShould">Element should have text &quot;Soft assertions1&quot; {#wiki-body}
Element: '&lt;div class=&quot;gollum-markdown-content&quot; id=&quot;wiki-body&quot;&gt;Welcome to the selenide wiki!
Chapters
Quick Start
Selenide vs Selenium
Code snippets
Custom conditions
Custom collection conditions
How Selenide creates WebDriver
Safari browser
Build script
Soft assertions
Ports of Selenide
Selenide Roadmap
The details for the Diablo
Lazy loading
Do not use getters in tests
Add a custom footer&lt;/div&gt;'
Actual value: text=&quot;Welcome to the selenide wiki!
Chapters
Quick Start
Selenide vs Selenium
Code snippets
Custom conditions
Custom collection conditions
How Selenide creates WebDriver
Safari browser
Build script
Soft assertions
Ports of Selenide
Selenide Roadmap
The details for the Diablo
Lazy loading
Do not use getters in tests
Add a custom footer&quot;
Screenshot: file:/F:/IdeaProjects/qa-guru-homeworks/build/reports/tests/1746986025813.0.png
Page source: file:/F:/IdeaProjects/qa-guru-homeworks/build/reports/tests/1746986025813.0.html
Timeout: 4 s.
	at app//com.codeborne.selenide.impl.WebElementSource.handleError(WebElementSource.java:146)
	at app//com.codeborne.selenide.impl.WebElementSource.checkConditionAndReturnElement(WebElementSource.java:123)
	at app//com.codeborne.selenide.impl.WebElementSource.checkCondition(WebElementSource.java:99)
	at app//com.codeborne.selenide.commands.Should.execute(Should.java:24)
	at app//com.codeborne.selenide.FluentCommand.execute(FluentCommand.java:27)
	at app//com.codeborne.selenide.FluentCommand.execute(FluentCommand.java:19)
	at app//com.codeborne.selenide.commands.Commands.execute(Commands.java:160)
	at app//com.codeborne.selenide.impl.SelenideElementProxy.dispatchAndRetry(SelenideElementProxy.java:131)
	at app//com.codeborne.selenide.impl.SelenideElementProxy.invoke(SelenideElementProxy.java:83)
	at app/jdk.proxy3/jdk.proxy3.$Proxy14.shouldHave(Unknown Source)
	at app//FourthHometaskTest.shouldHaveJUnitInSoftAssertionsTest(FourthHometaskTest.java:28)
	at java.base@21.0.6/java.lang.reflect.Method.invoke(Method.java:580)
	at java.base@21.0.6/java.util.ArrayList.forEach(ArrayList.java:1596)
	at java.base@21.0.6/java.util.ArrayList.forEach(ArrayList.java:1596)
</failure>
  </testcase>
  <system-out><![CDATA[]]></system-out>
  <system-err><![CDATA[[Test worker] INFO com.codeborne.selenide.WebDriverThreadLocalContainer - No webdriver is bound to current thread: 1 - let's create a new webdriver
[Test worker] INFO com.codeborne.selenide.webdriver.WebDriverFactory - Selenide 7.9.1 / Selenium 4.31.0 / chrome 133.0.6943.142 windows
[Test worker] INFO com.codeborne.selenide.WebDriverThreadLocalContainer - Browser will stay open due to holdBrowserOpen=true: 1 -> ChromeDriver: chrome on windows (7967144f856821b1c77bfe8a913a94d1)
[Test worker] INFO com.codeborne.selenide.impl.AttachmentConsolePrinter - [[ATTACHMENT|F:\IdeaProjects\qa-guru-homeworks\build\reports\tests\1746986025813.0.html]]
[Test worker] INFO com.codeborne.selenide.impl.AttachmentConsolePrinter - [[ATTACHMENT|F:\IdeaProjects\qa-guru-homeworks\build\reports\tests\1746986025813.0.png]]
]]></system-err>
</testsuite>
